<?xml version="1.0" encoding="UTF-8"?>
<!-- Generated by org.testng.reporters.JUnitReportReporter -->
<testsuite skipped="0" hostname="LAPTOP-3RN7TLQT" name="qaclickacademy.Mavanproject.RestAPITest" tests="2" failures="0" timestamp="2020-07-30T12:28:59 IST" time="0.006" errors="0">
  <testcase name="deleteTwitter" time="0.003" classname="qaclickacademy.Mavanproject.RestAPITest"/>
  <system-out/>
  <testcase name="postJira" time="0.003" classname="qaclickacademy.Mavanproject.RestAPITest"/>
  <system-out/>
</testsuite> <!-- qaclickacademy.Mavanproject.RestAPITest -->
