<?xml version="1.0" encoding="UTF-8"?>
<!-- Generated by org.testng.reporters.JUnitReportReporter -->
<testsuite skipped="0" hostname="LAPTOP-3RN7TLQT" name="qaclickacademy.Mavanproject.AppiumTest" tests="2" failures="0" timestamp="2020-07-30T12:28:59 IST" time="0.029" errors="0">
  <testcase name="iosApps" time="0.010" classname="qaclickacademy.Mavanproject.AppiumTest"/>
  <system-out/>
  <testcase name="nativeAppAndroid" time="0.019" classname="qaclickacademy.Mavanproject.AppiumTest"/>
  <system-out/>
</testsuite> <!-- qaclickacademy.Mavanproject.AppiumTest -->
