<?xml version="1.0" encoding="UTF-8"?>
<!-- Generated by org.testng.reporters.JUnitReportReporter -->
<testsuite skipped="0" hostname="LAPTOP-3RN7TLQT" name="qaclickacademy.Mavanproject.AppiumTest" tests="2" failures="0" timestamp="2020-08-01T11:01:06 IST" time="0.008" errors="0">
  <testcase name="nativeAppAndroid" time="0.000" classname="qaclickacademy.Mavanproject.AppiumTest"/>
  <system-out/>
  <testcase name="iosApps" time="0.008" classname="qaclickacademy.Mavanproject.AppiumTest"/>
  <system-out/>
</testsuite> <!-- qaclickacademy.Mavanproject.AppiumTest -->
