<?xml version="1.0" encoding="UTF-8"?>
<!-- Generated by org.testng.reporters.JUnitReportReporter -->
<testsuite skipped="0" hostname="LAPTOP-3RN7TLQT" name="qaclickacademy.Mavanproject.RestAPITest" tests="2" failures="0" timestamp="2020-08-01T11:01:06 IST" time="0.003" errors="0">
  <testcase name="deleteTwitter" time="0.002" classname="qaclickacademy.Mavanproject.RestAPITest"/>
  <system-out/>
  <testcase name="postJira" time="0.001" classname="qaclickacademy.Mavanproject.RestAPITest"/>
  <system-out/>
</testsuite> <!-- qaclickacademy.Mavanproject.RestAPITest -->
