<?xml version="1.0" encoding="UTF-8"?>
<!-- Generated by org.testng.reporters.JUnitReportReporter -->
<testsuite skipped="0" hostname="LAPTOP-3RN7TLQT" name="qaclickacademy.Mavanproject.SeleniumTest" tests="2" failures="0" timestamp="2020-08-01T11:01:06 IST" time="0.000" errors="0">
  <testcase name="elementUI" time="0.000" classname="qaclickacademy.Mavanproject.SeleniumTest"/>
  <system-out/>
  <testcase name="browserAutomation" time="0.000" classname="qaclickacademy.Mavanproject.SeleniumTest"/>
  <system-out/>
</testsuite> <!-- qaclickacademy.Mavanproject.SeleniumTest -->
